<?xml version="1.0" encoding="UTF-8"?>
<!-- Generated by org.testng.reporters.JUnitReportReporter -->
<testsuite skipped="0" hostname="HJL06309" name="com.employeeapi.testcases.Get_Single_Employee_Record" tests="2" failures="0" timestamp="2021-01-20T02:22:30 IST" time="0.053" errors="0">
  <testcase name="checkStatusCode" time="0.015" classname="com.employeeapi.testcases.Get_Single_Employee_Record"/>
  <system-out/>
  <testcase name="getResponseBody" time="0.038" classname="com.employeeapi.testcases.Get_Single_Employee_Record"/>
  <system-out/>
</testsuite> <!-- com.employeeapi.testcases.Get_Single_Employee_Record -->
