<?xml version="1.0" encoding="UTF-8"?>
<!-- Generated by org.testng.reporters.JUnitReportReporter -->
<testsuite skipped="0" hostname="HJL06309" name="com.employeeapi.testcases.Get_All_EmployeeDetails" tests="8" failures="0" timestamp="2021-01-20T01:52:40 IST" time="0.072" errors="0">
  <testcase name="checkResponseBody" time="0.041" classname="com.employeeapi.testcases.Get_All_EmployeeDetails"/>
  <system-out/>
  <testcase name="checkContentType" time="0.004" classname="com.employeeapi.testcases.Get_All_EmployeeDetails"/>
  <system-out/>
  <testcase name="checkStatusCode" time="0.004" classname="com.employeeapi.testcases.Get_All_EmployeeDetails"/>
  <system-out/>
  <testcase name="checkResponseTime" time="0.002" classname="com.employeeapi.testcases.Get_All_EmployeeDetails"/>
  <system-out/>
  <testcase name="checkStatusLine" time="0.003" classname="com.employeeapi.testcases.Get_All_EmployeeDetails"/>
  <system-out/>
  <testcase name="checkServerType" time="0.004" classname="com.employeeapi.testcases.Get_All_EmployeeDetails"/>
  <system-out/>
  <testcase name="checkContentEncoding" time="0.010" classname="com.employeeapi.testcases.Get_All_EmployeeDetails"/>
  <system-out/>
  <testcase name="checkContentLength" time="0.004" classname="com.employeeapi.testcases.Get_All_EmployeeDetails"/>
  <system-out/>
</testsuite> <!-- com.employeeapi.testcases.Get_All_EmployeeDetails -->
