<?xml version="1.0" encoding="UTF-8"?>
<!-- Generated by org.testng.reporters.JUnitReportReporter -->
<testsuite skipped="0" hostname="HJL06309" name="com.employeeapi.testcases.Delete_Employee_Record" tests="2" failures="0" timestamp="2021-01-21T01:17:59 IST" time="0.016" errors="0">
  <testcase name="checkresponsebody" time="0.007" classname="com.employeeapi.testcases.Delete_Employee_Record"/>
  <system-out/>
  <testcase name="statuscode" time="0.009" classname="com.employeeapi.testcases.Delete_Employee_Record"/>
  <system-out/>
</testsuite> <!-- com.employeeapi.testcases.Delete_Employee_Record -->
