<?xml version="1.0" encoding="UTF-8"?>
<!-- Generated by org.testng.reporters.JUnitReportReporter -->
<testsuite skipped="0" hostname="HJL06309" name="com.employeeapi.testcases.Put_Employee_Record" tests="2" failures="0" timestamp="2021-01-21T00:54:55 IST" time="0.025" errors="0">
  <testcase name="checkresponsebody" time="0.023" classname="com.employeeapi.testcases.Put_Employee_Record"/>
  <system-out/>
  <testcase name="statuscode" time="0.002" classname="com.employeeapi.testcases.Put_Employee_Record"/>
  <system-out/>
</testsuite> <!-- com.employeeapi.testcases.Put_Employee_Record -->
